[debug] [2022-12-23T13:06:07.861Z] ----------------------------------------------------------------------
[debug] [2022-12-23T13:06:07.862Z] Command:       C:\Program Files\nodejs\node.exe C:\Users\owais\AppData\Roaming\npm\node_modules\firebase-tools\lib\bin\firebase.js init
[debug] [2022-12-23T13:06:07.863Z] CLI Version:   11.19.0
[debug] [2022-12-23T13:06:07.863Z] Platform:      win32
[debug] [2022-12-23T13:06:07.863Z] Node Version:  v18.12.1
[debug] [2022-12-23T13:06:07.863Z] Time:          Fri Dec 23 2022 18:06:07 GMT+0500 (Pakistan Standard Time)
[debug] [2022-12-23T13:06:07.863Z] ----------------------------------------------------------------------
[debug] 
[debug] [2022-12-23T13:06:07.869Z] > command requires scopes: ["email","openid","https://www.googleapis.com/auth/cloudplatformprojects.readonly","https://www.googleapis.com/auth/firebase","https://www.googleapis.com/auth/cloud-platform"]
[debug] [2022-12-23T13:06:07.869Z] > authorizing via signed-in user (owaisahmed142002@gmail.com)
[info] 
     ######## #### ########  ######## ########     ###     ######  ########
     ##        ##  ##     ## ##       ##     ##  ##   ##  ##       ##
     ######    ##  ########  ######   ########  #########  ######  ######
     ##        ##  ##    ##  ##       ##     ## ##     ##       ## ##
     ##       #### ##     ## ######## ########  ##     ##  ######  ########

You're about to initialize a Firebase project in this directory:

  C:\work\crosswing\15th task (mockups)\webpage

Before we get started, keep in mind:

  * You are currently outside your home directory

[info] 
=== Project Setup
[info] 
[info] First, let's associate this project directory with a Firebase project.
[info] You can create multiple project aliases by running firebase use --add, 
[info] but for now we'll just set up a default project.
[info] 
[debug] [2022-12-23T13:06:21.505Z] >>> [apiv2][query] GET https://firebase.googleapis.com/v1beta1/projects pageSize=100
[debug] [2022-12-23T13:06:22.227Z] <<< [apiv2][status] GET https://firebase.googleapis.com/v1beta1/projects 200
[debug] [2022-12-23T13:06:22.227Z] <<< [apiv2][body] GET https://firebase.googleapis.com/v1beta1/projects [omitted]
[info] i  Using project react-app-5f603 (react-app) 
[info] 
=== Hosting Setup
[info] 
[info] Your public directory is the folder (relative to your project directory) that
[info] will contain Hosting assets to be uploaded with firebase deploy. If you
[info] have a build process for your assets, use your build's output directory.
[info] 
[debug] [2022-12-23T13:06:57.713Z] >>> [apiv2][query] GET https://www.gstatic.com/firebasejs/releases.json [none]
[debug] [2022-12-23T13:07:01.938Z] <<< [apiv2][status] GET https://www.gstatic.com/firebasejs/releases.json 200
[debug] [2022-12-23T13:07:01.938Z] <<< [apiv2][body] GET https://www.gstatic.com/firebasejs/releases.json {"current":{"version":"9.15.0","browserURL":"https://www.gstatic.com/firebasejs/9.15.0/firebase.js","packageURL":"https://www.gstatic.com/firebasejs/9.15.0/firebase.tgz"},"live":{"version":"9.15","browserURL":"https://www.gstatic.com/firebasejs/live/9.15/firebase.js","packageURL":"https://www.gstatic.com/firebasejs/live/9.15/firebase.tgz"},"components":{"analytics":"https://www.gstatic.com/firebasejs/9.15.0/firebase-analytics.js","app":"https://www.gstatic.com/firebasejs/9.15.0/firebase-app.js","app-check":"https://www.gstatic.com/firebasejs/9.15.0/firebase-app-check.js","auth":"https://www.gstatic.com/firebasejs/9.15.0/firebase-auth.js","auth/cordova":"https://www.gstatic.com/firebasejs/9.15.0/firebase-auth/cordova.js","auth/react-native":"https://www.gstatic.com/firebasejs/9.15.0/firebase-auth/react-native.js","functions":"https://www.gstatic.com/firebasejs/9.15.0/firebase-functions.js","firestore":"https://www.gstatic.com/firebasejs/9.15.0/firebase-firestore.js","firestore/lite":"https://www.gstatic.com/firebasejs/9.15.0/firebase-firestore/lite.js","installations":"https://www.gstatic.com/firebasejs/9.15.0/firebase-installations.js","storage":"https://www.gstatic.com/firebasejs/9.15.0/firebase-storage.js","performance":"https://www.gstatic.com/firebasejs/9.15.0/firebase-performance.js","remote-config":"https://www.gstatic.com/firebasejs/9.15.0/firebase-remote-config.js","messaging":"https://www.gstatic.com/firebasejs/9.15.0/firebase-messaging.js","messaging/sw":"https://www.gstatic.com/firebasejs/9.15.0/firebase-messaging/sw.js","database":"https://www.gstatic.com/firebasejs/9.15.0/firebase-database.js","firestore.memory":"https://www.gstatic.com/firebasejs/9.15.0/firebase-firestore.memory.js"}}
[info] +  Wrote build/index.html 
[info] 
[info] i  Detected a .git folder at C:\work\crosswing 
[info] i  Authorizing with GitHub to upload your service account to a GitHub repository's secrets store. 
[info] 
[info] Visit this URL on this device to log in:
[info] https://github.com/login/oauth/authorize?client_id=89cf50f02ac6aaed3484&state=898020990&redirect_uri=http%3A%2F%2Flocalhost%3A9005&scope=read%3Auser%20repo%20public_repo
[info] 
[info] Waiting for authentication...
[debug] [2022-12-23T13:07:09.481Z] >>> [apiv2][query] POST https://github.com/login/oauth/access_token [none]
[debug] [2022-12-23T13:07:09.481Z] >>> [apiv2][body] POST https://github.com/login/oauth/access_token [stream]
[debug] [2022-12-23T13:07:09.990Z] <<< [apiv2][status] POST https://github.com/login/oauth/access_token 200
[debug] [2022-12-23T13:07:09.990Z] <<< [apiv2][body] POST https://github.com/login/oauth/access_token {"access_token":"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","token_type":"bearer","scope":"read:user,repo"}
[debug] [2022-12-23T13:07:09.999Z] >>> [apiv2][query] GET https://api.github.com/user [none]
[debug] [2022-12-23T13:07:10.501Z] <<< [apiv2][status] GET https://api.github.com/user 200
[debug] [2022-12-23T13:07:10.501Z] <<< [apiv2][body] GET https://api.github.com/user {"login":"Beamerboyyyy","id":91061323,"node_id":"MDQ6VXNlcjkxMDYxMzIz","avatar_url":"https://avatars.githubusercontent.com/u/91061323?v=4","gravatar_id":"","url":"https://api.github.com/users/Beamerboyyyy","html_url":"https://github.com/Beamerboyyyy","followers_url":"https://api.github.com/users/Beamerboyyyy/followers","following_url":"https://api.github.com/users/Beamerboyyyy/following{/other_user}","gists_url":"https://api.github.com/users/Beamerboyyyy/gists{/gist_id}","starred_url":"https://api.github.com/users/Beamerboyyyy/starred{/owner}{/repo}","subscriptions_url":"https://api.github.com/users/Beamerboyyyy/subscriptions","organizations_url":"https://api.github.com/users/Beamerboyyyy/orgs","repos_url":"https://api.github.com/users/Beamerboyyyy/repos","events_url":"https://api.github.com/users/Beamerboyyyy/events{/privacy}","received_events_url":"https://api.github.com/users/Beamerboyyyy/received_events","type":"User","site_admin":false,"name":"Owais Ahmed","company":"Crosswing Inc.","blog":"linkedin.com/in/owais-ahmed-749911192","location":"Pakistan","email":"owaisahmed142002@gmail.com","hireable":null,"bio":"Skilled in Data mining, Exploratory Data analysis, Web Development (MERN stack) and Machine Learning. Recently selected as Machine Learning Engineer in a Canadi","twitter_username":null,"public_repos":2,"public_gists":0,"followers":2,"following":4,"created_at":"2021-09-20T10:33:45Z","updated_at":"2022-12-22T18:16:13Z","private_gists":0,"total_private_repos":2,"owned_private_repos":2,"disk_usage":913825,"collaborators":1,"two_factor_authentication":false,"plan":{"name":"free","space":976562499,"collaborators":0,"private_repos":10000}}
[info] 
[info] +  Success! Logged into GitHub as Beamerboyyyy 
[info] 
[debug] [2022-12-23T13:08:22.633Z] >>> [apiv2][query] GET https://api.github.com/repos//actions/secrets/public-key type=owner
[debug] [2022-12-23T13:08:23.054Z] <<< [apiv2][status] GET https://api.github.com/repos//actions/secrets/public-key 404
[debug] [2022-12-23T13:08:23.054Z] <<< [apiv2][body] GET https://api.github.com/repos//actions/secrets/public-key {"message":"Not Found","documentation_url":"https://docs.github.com/rest"}
